[Experiment] CONFIG: {'funcName': 'Rastrigin', 'topology': 'star', 'N': 256, 'maxEvaluations': 1000000.0, 'dimension': 10, 'nExperiments': 10}
Run #01: {'SEED': '18520185', 'Generation: ': 3905, 'Number of evaluations: ': 999936, 'Best position: ': array([ 9.94958638e-01,  2.84889236e-10,  7.31964267e-10,  2.22829286e-10,
       -3.29012507e-09, -9.94958635e-01,  9.94958637e-01,  3.20449877e-09,
       -3.99778685e-09,  2.60450258e-09]), 'Best finess value: ': 2.9848771712798623, 'Distance to minimum: ': 1.7233189098640362}
Run #02: {'SEED': '18520186', 'Generation: ': 3905, 'Number of evaluations: ': 999936, 'Best position: ': array([-9.94958641e-01,  9.94958643e-01,  9.94958641e-01,  9.94958635e-01,
       -9.94958637e-01, -3.67907174e-09,  7.08504138e-10, -9.94958644e-01,
       -1.98991223e+00, -6.26079583e-09]), 'Best finess value: ': 9.949585533113833, 'Distance to minimum: ': 3.1463322884097997}
Run #03: {'SEED': '18520187', 'Generation: ': 3905, 'Number of evaluations: ': 999936, 'Best position: ': array([-9.94958639e-01,  3.04476057e-10, -9.94958639e-01,  2.33224242e-09,
        9.94958638e-01,  6.28045214e-10, -1.21989081e-09,  7.14051778e-10,
       -4.23794549e-09,  4.23889682e-09]), 'Best finess value: ': 2.9848771712798623, 'Distance to minimum: ': 1.7233189137146216}
Run #04: {'SEED': '18520188', 'Generation: ': 3905, 'Number of evaluations: ': 999936, 'Best position: ': array([ 3.43188992e-09, -4.20379142e-10, -9.94958637e-01,  9.94958635e-01,
        3.02533706e-09, -3.81272857e-09, -9.94958637e-01, -9.94958642e-01,
       -9.94958639e-01, -3.53135819e-09]), 'Best finess value: ': 4.974795285466456, 'Distance to minimum: ': 2.2247951493511113}
Run #05: {'SEED': '18520189', 'Generation: ': 3905, 'Number of evaluations: ': 999936, 'Best position: ': array([-2.87932638e-09, -1.52389567e-10,  9.94958635e-01,  9.94958641e-01,
        9.96064904e-10, -4.06951654e-09,  1.58295083e-09, -3.45529616e-09,
        9.94958638e-01, -9.94958631e-01]), 'Best finess value: ': 3.979836228373159, 'Distance to minimum: ': 1.989917273041667}
Run #06: {'SEED': '18520190', 'Generation: ': 3905, 'Number of evaluations: ': 999936, 'Best position: ': array([-9.94958640e-01, -9.94958641e-01, -1.09907811e-09,  2.76710276e-09,
        2.11534413e-10, -9.94958635e-01, -8.90818881e-10,  7.99661500e-10,
        9.94958637e-01,  9.94958632e-01]), 'Best finess value: ': 4.974795285466456, 'Distance to minimum: ': 2.2247951476980847}
Run #07: {'SEED': '18520191', 'Generation: ': 3905, 'Number of evaluations: ': 999936, 'Best position: ': array([ 1.63939448e-09,  9.94958640e-01,  1.33960548e-09,  9.94958639e-01,
        3.05801705e-09, -9.94958637e-01, -9.94958635e-01,  2.64071152e-09,
        9.23611733e-10,  4.68789719e-09]), 'Best finess value: ': 3.979836228373159, 'Distance to minimum: ': 1.9899172754615315}
Run #08: {'SEED': '18520192', 'Generation: ': 3905, 'Number of evaluations: ': 999936, 'Best position: ': array([-9.94958640e-01, -4.89920799e-10,  9.94958638e-01, -4.36991004e-10,
        9.94958637e-01,  2.70761014e-09, -9.94958636e-01, -2.39215649e-09,
        9.94958633e-01,  9.94958638e-01]), 'Best finess value: ': 5.969754342559753, 'Distance to minimum: ': 2.437140975731291}
Run #09: {'SEED': '18520193', 'Generation: ': 3905, 'Number of evaluations: ': 999936, 'Best position: ': array([ 4.98988226e-09,  2.09432411e-09, -9.94958637e-01, -9.94958638e-01,
       -9.94958636e-01, -1.76920449e-10,  2.19600332e-09,  9.94958638e-01,
       -3.72956160e-10, -8.68722482e-10]), 'Best finess value: ': 3.979836228373159, 'Distance to minimum: ': 1.9899172739476927}
Run #10: {'SEED': '18520194', 'Generation: ': 3905, 'Number of evaluations: ': 999936, 'Best position: ': array([ 5.45594580e-09, -2.81536591e-09,  1.12421071e-09,  4.38964883e-09,
       -9.94958640e-01,  1.37948540e-09,  4.19241017e-10,  3.75672864e-10,
       -5.23407354e-09, -5.63868629e-09]), 'Best finess value: ': 0.9949590570932969, 'Distance to minimum: ': 0.9949586402448252}
