[Experiment] CONFIG: {'funcName': 'Rastrigin', 'topology': 'star', 'N': 1024, 'maxEvaluations': 1000000.0, 'dimension': 10, 'nExperiments': 10}
Run #01: {'SEED': '18520185', 'Generation: ': 975, 'Number of evaluations: ': 999424, 'Best position: ': array([-5.79107897e-10, -4.63608746e-09,  9.94958639e-01, -1.59953986e-09,
       -4.89846876e-09,  2.60923903e-09,  5.88304631e-09, -5.90717004e-09,
       -6.20567456e-09,  4.32256311e-09]), 'Best finess value: ': 0.9949590570932969, 'Distance to minimum: ': 0.9949586394534492}
Run #02: {'SEED': '18520186', 'Generation: ': 975, 'Number of evaluations: ': 999424, 'Best position: ': array([ 8.69744715e-10,  8.75293319e-10,  1.99090997e-09,  9.29477336e-10,
        9.94958637e-01,  2.51177135e-09, -9.94958639e-01, -9.94958643e-01,
        2.91020206e-09, -9.94958637e-01]), 'Best finess value: ': 3.979836228373159, 'Distance to minimum: ': 1.9899172784400139}
Run #03: {'SEED': '18520187', 'Generation: ': 975, 'Number of evaluations: ': 999424, 'Best position: ': array([-4.77085612e-09, -9.94958643e-01,  1.81368275e-09, -1.46761074e-09,
       -9.94958636e-01,  1.98184861e-09, -9.94958634e-01, -9.94958639e-01,
        1.71963287e-09, -5.40088842e-09]), 'Best finess value: ': 3.979836228373159, 'Distance to minimum: ': 1.9899172757195667}
Run #04: {'SEED': '18520188', 'Generation: ': 975, 'Number of evaluations: ': 999424, 'Best position: ': array([ 2.88793957e-09, -1.47476126e-09,  4.46721263e-09, -3.14224456e-09,
        3.64379639e-09,  1.02371148e-09,  5.35955411e-10,  3.04246656e-09,
        9.94958630e-01,  5.82130588e-09]), 'Best finess value: ': 0.9949590570932969, 'Distance to minimum: ': 0.9949586299455957}
Run #05: {'SEED': '18520189', 'Generation: ': 975, 'Number of evaluations: ': 999424, 'Best position: ': array([ 1.43857928e-09, -1.88148353e-09,  9.45103362e-10, -3.96291435e-09,
       -1.32935430e-09, -4.42460185e-10, -2.35835306e-09,  2.11853162e-09,
       -3.39374637e-09,  3.34349317e-09]), 'Best finess value: ': 0.0, 'Distance to minimum: ': 7.544323784552134e-09}
Run #06: {'SEED': '18520190', 'Generation: ': 975, 'Number of evaluations: ': 999424, 'Best position: ': array([-9.94958638e-01, -9.94958637e-01, -2.68084533e-09, -4.66269381e-09,
       -1.99063588e-09, -6.51287757e-10,  1.72903026e-09,  1.37969360e-10,
        1.96776995e-09, -2.59058577e-09]), 'Best finess value: ': 1.9899181141865796, 'Distance to minimum: ': 1.4070839993994695}
Run #07: {'SEED': '18520191', 'Generation: ': 975, 'Number of evaluations: ': 999424, 'Best position: ': array([-2.20764923e-09, -1.65733095e-09,  2.98048278e-09, -9.94958642e-01,
        3.52635020e-09, -3.29547246e-09, -3.24442266e-09, -3.33661829e-10,
       -9.94958631e-01,  2.62060713e-09]), 'Best finess value: ': 1.9899181141865938, 'Distance to minimum: ': 1.4070839974944693}
Run #08: {'SEED': '18520192', 'Generation: ': 975, 'Number of evaluations: ': 999424, 'Best position: ': array([ 6.38193271e-10, -9.94958637e-01,  3.02691426e-09,  2.71220954e-10,
        9.94958635e-01,  3.33944436e-09,  2.01091239e-09,  1.90800876e-09,
       -4.49692928e-09, -3.69927222e-10]), 'Best finess value: ': 1.9899181141865796, 'Distance to minimum: ': 1.4070839971908606}
Run #09: {'SEED': '18520193', 'Generation: ': 975, 'Number of evaluations: ': 999424, 'Best position: ': array([-2.45153987e-10,  9.94958636e-01,  1.77427046e-10,  9.94958636e-01,
        4.50701978e-09, -2.70761892e-09,  9.94958638e-01, -2.56174595e-09,
       -4.51274776e-09,  4.27795996e-09]), 'Best finess value: ': 2.9848771712798623, 'Distance to minimum: ': 1.7233189097144614}
Run #10: {'SEED': '18520194', 'Generation: ': 975, 'Number of evaluations: ': 999424, 'Best position: ': array([-1.52831274e-09, -3.09738561e-09, -5.08481314e-10, -5.72534315e-09,
       -2.74347579e-09, -9.94958636e-01, -1.04070303e-09, -4.99149117e-09,
       -4.66042536e-09,  3.50832831e-09]), 'Best finess value: ': 0.9949590570932969, 'Distance to minimum: ': 0.994958635692462}
