[Experiment] CONFIG: {'funcName': 'Rastrigin', 'topology': 'star', 'N': 2048, 'maxEvaluations': 1000000.0, 'dimension': 10, 'nExperiments': 10}
Run #01: {'SEED': '18520185', 'Generation: ': 487, 'Number of evaluations: ': 999424, 'Best position: ': array([ 5.96697846e-10,  9.94958639e-01,  2.53348285e-09, -9.94958635e-01,
        2.27627614e-09,  1.42751048e-09,  3.95428047e-09, -1.27611003e-09,
       -9.94958637e-01,  5.61056225e-09]), 'Best finess value: ': 2.9848771712798623, 'Distance to minimum: ': 1.7233189111396232}
Run #02: {'SEED': '18520186', 'Generation: ': 487, 'Number of evaluations: ': 999424, 'Best position: ': array([ 3.31552677e-05, -8.04108786e-06, -1.14705526e-06,  1.11327156e-05,
       -3.48140966e-05, -2.45185083e-06, -3.50541701e-05, -3.19539238e-06,
       -2.76902044e-05,  4.10660094e-06]), 'Best finess value: ': 8.986831687707308e-07, 'Distance to minimum: ': 6.730404012098938e-05}
Run #03: {'SEED': '18520187', 'Generation: ': 487, 'Number of evaluations: ': 999424, 'Best position: ': array([-3.40609801e-09, -1.33180660e-09,  4.32602896e-09, -4.01852822e-10,
        5.49530964e-09,  7.63824492e-10,  2.85062389e-09,  4.65079018e-09,
       -9.94958638e-01,  2.41100355e-09]), 'Best finess value: ': 0.9949590570932969, 'Distance to minimum: ': 0.9949586380817493}
Run #04: {'SEED': '18520188', 'Generation: ': 487, 'Number of evaluations: ': 999424, 'Best position: ': array([ 1.00542522e-08,  3.02630248e-09,  8.73882562e-09,  4.42626957e-09,
       -3.35868088e-10,  9.94958637e-01, -2.98937767e-09,  5.25608022e-09,
        2.45264615e-09,  3.89294410e-09]), 'Best finess value: ': 0.9949590570933395, 'Distance to minimum: ': 0.9949586374264984}
Run #05: {'SEED': '18520189', 'Generation: ': 487, 'Number of evaluations: ': 999424, 'Best position: ': array([-9.94958638e-01, -1.45616551e-09,  9.94958636e-01, -2.30436192e-09,
        3.51838453e-09, -9.94958638e-01, -1.51943275e-10,  8.69935502e-10,
       -7.68685172e-10, -2.54699184e-09]), 'Best finess value: ': 2.9848771712798623, 'Distance to minimum: ': 1.7233189111496126}
Run #06: {'SEED': '18520190', 'Generation: ': 487, 'Number of evaluations: ': 999424, 'Best position: ': array([-2.61338923e-09,  1.77433624e-09, -5.07650432e-09, -2.05529233e-09,
       -6.64262916e-09,  9.69804762e-10, -2.51756967e-09,  9.94958640e-01,
        9.94958637e-01, -4.12562130e-09]), 'Best finess value: ': 1.9899181141865938, 'Distance to minimum: ': 1.4070840004453633}
Run #07: {'SEED': '18520191', 'Generation: ': 487, 'Number of evaluations: ': 999424, 'Best position: ': array([ 1.14332770e-09,  9.08268315e-10,  1.11141319e-09, -4.22932197e-09,
        6.20890720e-09, -2.45375049e-09, -1.49758942e-09,  2.58574364e-09,
        9.94958639e-01,  1.02723029e-09]), 'Best finess value: ': 0.9949590570932969, 'Distance to minimum: ': 0.994958639296411}
Run #08: {'SEED': '18520192', 'Generation: ': 487, 'Number of evaluations: ': 999424, 'Best position: ': array([-8.96304375e-11,  7.54684778e-10, -1.04535885e-08, -9.94958640e-01,
       -4.71950605e-09,  3.41738909e-10,  2.87046446e-11, -2.00469935e-09,
        1.09874962e-09,  9.94958637e-01]), 'Best finess value: ': 1.9899181141865938, 'Distance to minimum: ': 1.407084000150131}
Run #09: {'SEED': '18520193', 'Generation: ': 487, 'Number of evaluations: ': 999424, 'Best position: ': array([-2.09661947e-09, -7.00028171e-10, -2.86453048e-09,  4.28569211e-09,
        2.03068899e-09,  2.20645189e-09, -9.94958635e-01,  3.00777312e-11,
       -2.29367746e-09, -3.47338589e-09]), 'Best finess value: ': 0.9949590570932969, 'Distance to minimum: ': 0.9949586351184091}
Run #10: {'SEED': '18520194', 'Generation: ': 487, 'Number of evaluations: ': 999424, 'Best position: ': array([-5.68144027e-08, -1.70989684e-07, -9.94958859e-01, -2.32649204e-08,
       -1.57868778e-08,  4.40985536e-08, -1.29157280e-07,  1.13831337e-07,
        8.53805132e-08,  7.34326466e-08]), 'Best finess value: ': 0.9949590571183791, 'Distance to minimum: ': 0.9949588589897558}
