[Experiment] CONFIG: {'funcName': 'Rastrigin', 'topology': 'ring', 'N': 1024, 'maxEvaluations': 1000000.0, 'dimension': 10, 'nExperiments': 10}
Run #01: {'SEED': '18520185', 'Generation: ': 975, 'Number of evaluations: ': 999424, 'Best position: ': array([-6.27683737e-05,  2.21132373e-04,  1.32275187e-05, -9.95055960e-01,
        1.42009547e-05,  1.92340454e-05,  3.76701846e-05,  8.11953886e-05,
        5.33171868e-05,  1.62148245e-04]), 'Best finess value: ': 0.9949789358552721, 'Distance to minimum: ': 0.9950560051740833}
Run #02: {'SEED': '18520186', 'Generation: ': 975, 'Number of evaluations: ': 999424, 'Best position: ': array([-9.94958592e-01, -1.77002427e-06,  2.72232947e-06, -9.94958634e-01,
        1.81394752e-06, -6.95963302e-07,  5.87446602e-07, -1.81032736e-07,
        8.50130122e-07, -1.84173530e-06]), 'Best finess value: ': 1.9899181179190464, 'Distance to minimum: ': 1.4070839647465891}
Run #03: {'SEED': '18520187', 'Generation: ': 975, 'Number of evaluations: ': 999424, 'Best position: ': array([ 9.95317857e-01,  8.35118607e-05, -6.85512917e-04, -5.90814799e-04,
        5.75895446e-04, -2.92757744e-04,  3.77479623e-04,  3.57130926e-04,
       -2.07123337e-03,  3.12171901e-05]), 'Best finess value: ': 0.9961361684817547, 'Distance to minimum: ': 0.9953207727320373}
Run #04: {'SEED': '18520188', 'Generation: ': 975, 'Number of evaluations: ': 999424, 'Best position: ': array([-8.97368719e-07, -5.32311155e-06,  1.08514116e-06,  5.23840851e-06,
       -9.94968818e-01,  3.04734781e-06,  6.29795684e-07, -1.09544164e-05,
        3.59582625e-06, -9.94953599e-01]), 'Best finess value: ': 1.989918179523272, 'Distance to minimum: ': 1.4070876354089183}
Run #05: {'SEED': '18520189', 'Generation: ': 975, 'Number of evaluations: ': 999424, 'Best position: ': array([ 3.74335475e-07,  8.54224532e-07,  9.94957737e-01, -1.12935942e-07,
       -5.25573043e-07,  1.65773858e-04, -3.38259668e-06,  3.95423253e-07,
       -1.01832872e-06,  9.94959007e-01]), 'Best finess value: ': 1.9899235691182326, 'Distance to minimum: ': 1.4070836334581984}
Run #06: {'SEED': '18520190', 'Generation: ': 975, 'Number of evaluations: ': 999424, 'Best position: ': array([ 4.34631471e-06,  7.80505692e-06,  9.94961913e-01, -9.68156504e-06,
        7.04838737e-06, -7.68238660e-06,  1.68326039e-06,  1.37621292e-05,
       -9.94965480e-01,  7.17851213e-08]), 'Best finess value: ': 1.9899182197300576, 'Distance to minimum: ': 1.4070911539263986}
Run #07: {'SEED': '18520191', 'Generation: ': 975, 'Number of evaluations: ': 999424, 'Best position: ': array([ 2.37226460e-03, -6.21881854e-04,  9.94355367e-01, -2.42424046e-03,
        5.63089418e-04, -2.24603406e-03,  4.09217409e-04,  2.55654989e-04,
        1.48776936e-03,  9.96699650e-01]), 'Best finess value: ': 1.9944995197741946, 'Distance to minimum: ': 1.4078964756813268}
Run #08: {'SEED': '18520192', 'Generation: ': 975, 'Number of evaluations: ': 999424, 'Best position: ': array([ 6.48376977e-04, -9.94652010e-01, -7.45436513e-05,  5.28050726e-04,
       -3.47031841e-04,  9.94874852e-01, -3.95824525e-04, -4.13075377e-04,
        6.49927777e-04, -8.80064647e-04]), 'Best finess value: ': 1.9904042603405117, 'Distance to minimum: ': 1.4068087788622918}
Run #09: {'SEED': '18520193', 'Generation: ': 975, 'Number of evaluations: ': 999424, 'Best position: ': array([-9.95253018e-01,  5.56173802e-04,  2.48796545e-04, -3.91364434e-04,
        4.53429188e-05,  5.03634271e-04,  9.97156431e-01, -3.57857092e-04,
        3.98737047e-04,  3.25737006e-04]), 'Best finess value: ': 1.9911260013333987, 'Distance to minimum: ': 1.4088472916217851}
Run #10: {'SEED': '18520194', 'Generation: ': 975, 'Number of evaluations: ': 999424, 'Best position: ': array([ 3.47193546e-04,  6.48026301e-05, -9.95089265e-01, -9.95072754e-01,
       -9.28894172e-05, -7.45754805e-06,  1.60294014e-05,  6.29693730e-05,
       -3.92380005e-05,  2.57539846e-05]), 'Best finess value: ': 1.9899518255574549, 'Distance to minimum: ': 1.407257108901743}
