[Experiment] CONFIG: {'funcName': 'Rastrigin', 'topology': 'star', 'N': 512, 'maxEvaluations': 1000000.0, 'dimension': 10, 'nExperiments': 10}
Run #01: {'SEED': '18520185', 'Generation: ': 1952, 'Number of evaluations: ': 999936, 'Best position: ': array([ 1.17234713e-09, -3.54705402e-10,  2.49726798e-09, -9.94958633e-01,
        3.09514185e-09,  2.44945910e-10, -3.60300721e-09, -5.96353474e-09,
       -4.34158643e-09, -5.87546391e-09]), 'Best finess value: ': 0.9949590570932969, 'Distance to minimum: ': 0.9949586331508629}
Run #02: {'SEED': '18520186', 'Generation: ': 1952, 'Number of evaluations: ': 999936, 'Best position: ': array([ 2.76117689e-10, -4.27272557e-09, -2.46560621e-09, -1.01672650e-09,
       -2.35924812e-09,  1.73490810e-09,  1.13516486e-09,  9.94958646e-01,
       -5.72098136e-09, -2.25274677e-09]), 'Best finess value: ': 0.9949590570932969, 'Distance to minimum: ': 0.9949586456300066}
Run #03: {'SEED': '18520187', 'Generation: ': 1952, 'Number of evaluations: ': 999936, 'Best position: ': array([-1.22882321e-09,  7.38633694e-09,  9.94958634e-01, -1.65703550e-11,
        1.02078934e-09, -2.08979531e-09, -5.37254379e-10,  3.23098054e-10,
       -4.87643581e-09,  9.94958641e-01]), 'Best finess value: ': 1.9899181141865938, 'Distance to minimum: ': 1.4070839993212214}
Run #04: {'SEED': '18520188', 'Generation: ': 1952, 'Number of evaluations: ': 999936, 'Best position: ': array([-9.54032070e-10, -3.32365062e-09,  9.94958640e-01, -3.59267557e-09,
        2.26988818e-09,  1.41494126e-09, -9.94958635e-01, -2.94874732e-09,
        4.46549552e-09, -2.07169022e-10]), 'Best finess value: ': 1.9899181141865796, 'Distance to minimum: ': 1.4070839988350041}
Run #05: {'SEED': '18520189', 'Generation: ': 1952, 'Number of evaluations: ': 999936, 'Best position: ': array([-2.41255675e-09, -1.94220521e-09, -9.68251790e-10, -3.48842065e-10,
       -4.78425213e-09, -2.45082420e-09,  3.68656295e-09, -8.57625156e-10,
       -3.13196135e-09, -1.63327517e-09]), 'Best finess value: ': 0.0, 'Distance to minimum: ': 8.145577822358156e-09}
Run #06: {'SEED': '18520190', 'Generation: ': 1952, 'Number of evaluations: ': 999936, 'Best position: ': array([-1.48549156e-09,  2.29699105e-09, -2.73322310e-09, -2.46816074e-09,
        2.01336923e-09, -1.29141716e-09,  4.63723135e-09, -1.18915085e-09,
       -2.63259136e-10,  1.52845055e-09]), 'Best finess value: ': 0.0, 'Distance to minimum: ': 7.2173439590096155e-09}
Run #07: {'SEED': '18520191', 'Generation: ': 1952, 'Number of evaluations: ': 999936, 'Best position: ': array([ 3.01506909e-09, -5.12843095e-09,  1.07223825e-09, -5.73204481e-10,
        3.26988778e-09,  1.65489977e-09, -1.57694041e-09, -3.50932969e-09,
       -6.27457929e-09,  4.07196652e-09]), 'Best finess value: ': 0.0, 'Distance to minimum: ': 1.1002452254425434e-08}
Run #08: {'SEED': '18520192', 'Generation: ': 1952, 'Number of evaluations: ': 999936, 'Best position: ': array([ 5.78752700e-09, -1.61523484e-09, -4.61915819e-10,  3.55008427e-09,
        3.51000585e-09,  9.94958637e-01,  1.02781221e-09,  1.40936078e-09,
        3.37646188e-09,  3.38964759e-09]), 'Best finess value: ': 0.9949590570932969, 'Distance to minimum: ': 0.9949586365001806}
Run #09: {'SEED': '18520193', 'Generation: ': 1952, 'Number of evaluations: ': 999936, 'Best position: ': array([-1.79524369e-09,  1.45699118e-09, -1.92699106e-09,  1.37077975e-09,
       -3.23823592e-10, -2.73750276e-09, -5.77702033e-09,  7.77028134e-10,
        5.93888739e-09,  5.97430843e-09]), 'Best finess value: ': 0.0, 'Distance to minimum: ': 1.1112034881640209e-08}
Run #10: {'SEED': '18520194', 'Generation: ': 1952, 'Number of evaluations: ': 999936, 'Best position: ': array([-2.18834315e-09,  9.94958636e-01,  7.53838707e-10, -3.41244011e-09,
        1.54995795e-09, -2.31824512e-09,  1.57916534e-09, -5.69209668e-09,
       -4.19471556e-10,  5.76598471e-09]), 'Best finess value: ': 0.9949590570932969, 'Distance to minimum: ': 0.9949586356644531}
