[Experiment] CONFIG: {'funcName': 'Rastrigin', 'topology': 'ring', 'N': 256, 'maxEvaluations': 1000000.0, 'dimension': 10, 'nExperiments': 10}
Run #01: {'SEED': '18520185', 'Generation: ': 3905, 'Number of evaluations: ': 999936, 'Best position: ': array([-9.94894563e-01, -9.94945885e-01, -3.91726735e-04,  2.35872990e-04,
       -1.68623192e-04,  3.93241357e-05, -1.00799387e-04, -8.60842545e-05,
        2.64999719e-04,  1.78978642e-04]), 'Best finess value: ': 1.9899901624974206, 'Distance to minimum: ': 1.4070298020846024}
Run #02: {'SEED': '18520186', 'Generation: ': 3905, 'Number of evaluations: ': 999936, 'Best position: ': array([ 3.59347291e-09, -5.77398803e-09,  5.81590907e-09, -1.32290166e-09,
        9.94958638e-01,  2.16983885e-09,  1.24259452e-09, -1.66033061e-09,
        1.95222728e-09, -9.94958633e-01]), 'Best finess value: ': 1.9899181141865938, 'Distance to minimum: ': 1.4070839965851367}
Run #03: {'SEED': '18520187', 'Generation: ': 3905, 'Number of evaluations: ': 999936, 'Best position: ': array([ 2.88868916e-09,  2.99323626e-09,  2.35280944e-11, -5.46320273e-09,
        3.32027793e-09, -6.80500300e-10, -1.54349059e-10,  1.59284758e-09,
        2.44090449e-09,  6.32783203e-09]), 'Best finess value: ': 0.0, 'Distance to minimum: ': 1.035369074981816e-08}
Run #04: {'SEED': '18520188', 'Generation: ': 3905, 'Number of evaluations: ': 999936, 'Best position: ': array([-8.78798828e-11,  9.94958637e-01, -1.70745256e-09, -2.47319526e-09,
        1.83755872e-09, -9.94958638e-01, -1.81864447e-11, -9.94958636e-01,
        1.12781736e-10, -5.43060348e-09]), 'Best finess value: ': 2.9848771712798623, 'Distance to minimum: ': 1.7233189107347944}
Run #05: {'SEED': '18520189', 'Generation: ': 3905, 'Number of evaluations: ': 999936, 'Best position: ': array([ 1.21804306e-09, -9.94958634e-01, -2.86074405e-09, -6.09779517e-09,
        1.79026135e-09, -1.24499359e-09, -1.48207501e-09, -2.09975796e-09,
       -2.42029796e-09, -9.94958642e-01]), 'Best finess value: ': 1.9899181141865938, 'Distance to minimum: ': 1.4070839998737332}
Run #06: {'SEED': '18520190', 'Generation: ': 3905, 'Number of evaluations: ': 999936, 'Best position: ': array([ 4.14573062e-10, -6.49408787e-09, -7.00610690e-10, -2.25796031e-09,
       -1.09575286e-09,  1.73625793e-10, -2.30067676e-10, -9.94958636e-01,
        9.94958642e-01,  2.53899746e-09]), 'Best finess value: ': 1.9899181141865938, 'Distance to minimum: ': 1.4070840012647192}
Run #07: {'SEED': '18520191', 'Generation: ': 3905, 'Number of evaluations: ': 999936, 'Best position: ': array([-7.45316854e-08, -9.94958610e-01,  4.02784207e-08, -3.18321286e-08,
        7.00834079e-09, -4.84723657e-08,  2.84262215e-08,  5.80153127e-08,
        2.69538187e-08,  4.95040841e-08]), 'Best finess value: ': 0.9949590570969917, 'Distance to minimum: ': 0.9949586102845949}
Run #08: {'SEED': '18520192', 'Generation: ': 3905, 'Number of evaluations: ': 999936, 'Best position: ': array([-1.40149083e-09,  6.76964776e-09, -3.09337829e-10, -5.63513557e-09,
        1.24894116e-09, -3.49933158e-09, -1.04669296e-09, -1.86214529e-09,
       -1.01838485e-09, -9.94958639e-01]), 'Best finess value: ': 0.9949590570932969, 'Distance to minimum: ': 0.9949586387846092}
Run #09: {'SEED': '18520193', 'Generation: ': 3905, 'Number of evaluations: ': 999936, 'Best position: ': array([-1.20174885e-09,  3.54141291e-09, -2.90039551e-09, -3.40116809e-09,
        3.14753745e-10, -6.04421131e-09,  1.52017587e-09,  4.86948483e-09,
       -5.05551242e-09, -6.22096648e-09]), 'Best finess value: ': 0.0, 'Distance to minimum: ': 1.268381059793504e-08}
Run #10: {'SEED': '18520194', 'Generation: ': 3905, 'Number of evaluations: ': 999936, 'Best position: ': array([-1.36634407e-10, -3.04410019e-10, -3.33919684e-09, -9.94958637e-01,
       -2.79381630e-09, -1.00870397e-10,  9.94958642e-01, -2.61898149e-09,
        4.73768819e-09, -4.50923648e-09]), 'Best finess value: ': 1.9899181141865796, 'Distance to minimum: ': 1.4070840017761714}
