[Experiment] CONFIG: {'funcName': 'Rastrigin', 'topology': 'star', 'N': 128, 'maxEvaluations': 1000000.0, 'dimension': 10, 'nExperiments': 10}
Run #01: {'SEED': '18520185', 'Generation: ': 7811, 'Number of evaluations: ': 999936, 'Best position: ': array([-5.81371363e-09, -2.04438900e-09,  9.94958637e-01,  1.98991223e+00,
        3.67520799e-09, -1.07230109e-09,  9.94958638e-01,  1.98991223e+00,
        2.24606800e-09, -3.27131384e-09]), 'Best finess value: ': 9.949580495294754, 'Distance to minimum: ': 3.1463290963381474}
Run #02: {'SEED': '18520186', 'Generation: ': 7811, 'Number of evaluations: ': 999936, 'Best position: ': array([ 4.35231878e-09, -9.94958633e-01, -9.94958636e-01,  1.98991223e+00,
        1.98991224e+00,  3.22610197e-09, -2.38104731e-09, -5.82140051e-10,
       -5.43342493e-09, -1.89375618e-09]), 'Best finess value: ': 9.949580495294754, 'Distance to minimum: ': 3.1463290933825934}
Run #03: {'SEED': '18520187', 'Generation: ': 7811, 'Number of evaluations: ': 999936, 'Best position: ': array([-9.94958637e-01,  9.94958639e-01,  1.38771389e-10,  9.94958639e-01,
       -9.94958636e-01, -9.94958639e-01,  9.94958635e-01, -4.42836874e-10,
       -9.94958639e-01,  3.27688929e-09]), 'Best finess value: ': 6.9647133996530215, 'Distance to minimum: ': 2.6324131199385454}
Run #04: {'SEED': '18520188', 'Generation: ': 7811, 'Number of evaluations: ': 999936, 'Best position: ': array([-1.20868623e-09, -9.94958636e-01,  9.94958638e-01,  9.94958638e-01,
        1.55189102e-09, -9.94958640e-01,  4.04365072e-09, -4.41623031e-09,
       -1.22569059e-09,  1.22938392e-09]), 'Best finess value: ': 3.979836228373159, 'Distance to minimum: ': 1.9899172758979982}
Run #05: {'SEED': '18520189', 'Generation: ': 7811, 'Number of evaluations: ': 999936, 'Best position: ': array([-9.94958641e-01,  9.94958636e-01,  4.58707292e-10,  2.08599157e-09,
        1.65257412e-09, -8.10614671e-10,  9.94958635e-01, -1.81887279e-09,
       -3.99153969e-09,  9.94958637e-01]), 'Best finess value: ': 3.979836228373159, 'Distance to minimum: ': 1.9899172748171747}
Run #06: {'SEED': '18520190', 'Generation: ': 7811, 'Number of evaluations: ': 999936, 'Best position: ': array([ 9.94958636e-01, -5.65353870e-09, -7.06565474e-09,  9.94958639e-01,
        3.26337809e-10, -1.04226493e-09, -1.23295844e-09, -9.94958636e-01,
       -1.75834132e-09,  1.98991223e+00]), 'Best finess value: ': 6.964708361833971, 'Distance to minimum: ': 2.6324093091114116}
Run #07: {'SEED': '18520191', 'Generation: ': 7811, 'Number of evaluations: ': 999936, 'Best position: ': array([-2.47479750e-09, -1.20308918e-09,  2.88655661e-09, -5.02328454e-10,
        9.94958640e-01,  9.94958636e-01,  2.73238461e-09, -9.94958637e-01,
       -1.54733894e-09, -9.94958643e-01]), 'Best finess value: ': 3.979836228373159, 'Distance to minimum: ': 1.9899172780088774}
Run #08: {'SEED': '18520192', 'Generation: ': 7811, 'Number of evaluations: ': 999936, 'Best position: ': array([ 9.94958640e-01, -4.64617142e-09, -9.94958638e-01,  3.60266026e-09,
        9.94958636e-01, -9.94958636e-01, -9.35443102e-10,  9.94958643e-01,
        9.94958642e-01,  1.74528950e-09]), 'Best finess value: ': 5.969754342559753, 'Distance to minimum: ': 2.437140981062825}
Run #09: {'SEED': '18520193', 'Generation: ': 7811, 'Number of evaluations: ': 999936, 'Best position: ': array([ 2.65933022e-09, -6.41537788e-10, -2.05471757e-10, -9.94958639e-01,
       -9.94958636e-01, -8.66110115e-10,  5.03414383e-10,  9.94958637e-01,
       -9.94958638e-01,  9.94958638e-01]), 'Best finess value: ': 4.974795285466456, 'Distance to minimum: ': 2.224795148299217}
Run #10: {'SEED': '18520194', 'Generation: ': 7811, 'Number of evaluations: ': 999936, 'Best position: ': array([ 6.83671714e-10,  2.53162502e-09,  1.25937850e-09,  9.94958641e-01,
       -9.94958637e-01,  6.36190622e-10, -9.94958636e-01, -9.94958633e-01,
       -2.18144764e-09, -9.94958638e-01]), 'Best finess value: ': 4.974795285466456, 'Distance to minimum: ': 2.2247951469890417}
