[Experiment] CONFIG: {'funcName': 'Rastrigin', 'topology': 'ring', 'N': 512, 'maxEvaluations': 1000000.0, 'dimension': 10, 'nExperiments': 10}
Run #01: {'SEED': '18520185', 'Generation: ': 1952, 'Number of evaluations: ': 999936, 'Best position: ': array([-1.25685462e-02, -2.95899332e-02, -1.00194870e+00, -3.03913121e-02,
       -1.41988523e-03,  4.64916721e-03,  9.96062419e-01,  1.00587308e+00,
        2.75470758e-03,  7.51626032e-04]), 'Best finess value: ': 3.4119645136713643, 'Distance to minimum: ': 1.7348807308892067}
Run #02: {'SEED': '18520186', 'Generation: ': 1952, 'Number of evaluations: ': 999936, 'Best position: ': array([ 1.49704426e-03, -2.80777864e-03,  2.61794811e-02, -1.98667096e-02,
       -2.10682038e-02,  9.93950777e-01,  1.15251408e-04, -3.58917312e-03,
        1.03172753e-04,  2.43236989e-03]), 'Best finess value: ': 1.302703250796597, 'Distance to minimum: ': 0.9947316297626754}
Run #03: {'SEED': '18520187', 'Generation: ': 1952, 'Number of evaluations: ': 999936, 'Best position: ': array([ 1.71551448e-02, -3.25591999e-03,  9.96322207e-01, -9.41109253e-04,
        9.91471054e-01, -1.62888356e-03, -9.95182807e-01,  1.80032663e-02,
        2.10937946e-02,  6.64456027e-04]), 'Best finess value: ': 3.2012701107822465, 'Distance to minimum: ': 1.7225386948892272}
Run #04: {'SEED': '18520188', 'Generation: ': 1952, 'Number of evaluations: ': 999936, 'Best position: ': array([-9.94616392e-01, -4.85845576e-02, -7.82023734e-03,  9.46219089e-03,
        1.68587211e-02, -3.14052362e-04,  9.80964563e-01, -1.45518920e-02,
        1.21825847e-03, -3.18434659e-02]), 'Best finess value: ': 2.8224242203957886, 'Distance to minimum: ': 1.3984190905220546}
Run #05: {'SEED': '18520189', 'Generation: ': 1952, 'Number of evaluations: ': 999936, 'Best position: ': array([ 4.19946894e-02,  5.10261681e-03, -1.06719987e-02,  3.23237216e-03,
       -9.90436332e-01, -9.94003538e-01, -4.83914171e-04, -2.48913940e-02,
        7.65459083e-03,  2.01131669e-03]), 'Best finess value: ': 2.506979663481218, 'Distance to minimum: ': 1.404138008440099}
Run #06: {'SEED': '18520190', 'Generation: ': 1952, 'Number of evaluations: ': 999936, 'Best position: ': array([-8.92457255e-07,  6.67902527e-08, -9.94958904e-01, -9.94958314e-01,
        2.32559098e-07,  3.07898668e-07,  3.61007939e-07,  1.31467160e-07,
        9.94958242e-01, -1.70677408e-06]), 'Best finess value: ': 2.9848771721412675, 'Distance to minimum: ': 1.7233186507934808}
Run #07: {'SEED': '18520191', 'Generation: ': 1952, 'Number of evaluations: ': 999936, 'Best position: ': array([ 8.63221083e-05,  2.01012760e-04,  1.29131733e-04,  9.95075277e-01,
        9.95137032e-01, -1.08644378e-04, -4.13477233e-05, -4.69359395e-05,
        9.94152685e-01,  4.79422930e-05]), 'Best finess value: ': 2.9850313525108447, 'Distance to minimum: ': 1.7230241334768759}
Run #08: {'SEED': '18520192', 'Generation: ': 1952, 'Number of evaluations: ': 999936, 'Best position: ': array([-3.51779101e-03, -2.50554296e-02,  4.12209907e-02,  1.37852949e-02,
        1.00668437e+00,  4.27603078e-04,  1.67327913e-02,  3.77891068e-02,
       -1.36293735e-02,  3.38428249e-02]), 'Best finess value: ': 2.1226094806803957, 'Distance to minimum: ': 1.0094464128045257}
Run #09: {'SEED': '18520193', 'Generation: ': 1952, 'Number of evaluations: ': 999936, 'Best position: ': array([ 3.79895973e-03,  2.48856932e-03, -1.80823578e-03, -9.93881982e-01,
       -1.60543777e-04,  8.82731987e-05,  9.94824268e-01,  2.35406848e-05,
        5.71686779e-04,  9.96806461e-01]), 'Best finess value: ': 2.990599709261417, 'Distance to minimum: ': 1.7236948964318122}
Run #10: {'SEED': '18520194', 'Generation: ': 1952, 'Number of evaluations: ': 999936, 'Best position: ': array([ 9.94958656e-01, -9.94958641e-01,  2.40750605e-08,  1.25966869e-08,
        3.94659880e-08, -1.12495540e-08,  9.94958731e-01, -3.38095196e-08,
       -6.20591356e-08, -2.18187068e-08]), 'Best finess value: ': 2.9848771712832303, 'Distance to minimum: ': 1.7233189779495957}
