[Experiment] CONFIG: {'funcName': 'Rastrigin', 'topology': 'ring', 'N': 128, 'maxEvaluations': 1000000.0, 'dimension': 10, 'nExperiments': 10}
Run #01: {'SEED': '18520185', 'Generation: ': 7811, 'Number of evaluations: ': 999936, 'Best position: ': array([ 9.94958641e-01, -9.94958639e-01, -6.12365556e-10, -1.04871905e-09,
       -4.74233421e-09,  9.91553061e-10,  4.64216906e-09,  2.39419316e-09,
        7.57086336e-11, -2.87984988e-09]), 'Best finess value: ': 1.9899181141865796, 'Distance to minimum: ': 1.4070840029375724}
Run #02: {'SEED': '18520186', 'Generation: ': 7811, 'Number of evaluations: ': 999936, 'Best position: ': array([-9.94958639e-01, -8.37618583e-09, -1.66295392e-09,  3.60052119e-09,
        1.66783096e-09,  3.03884125e-09,  1.72745022e-10, -2.29657815e-09,
       -5.60437475e-09,  4.92139363e-09]), 'Best finess value: ': 0.9949590570932969, 'Distance to minimum: ': 0.9949586386041079}
Run #03: {'SEED': '18520187', 'Generation: ': 7811, 'Number of evaluations: ': 999936, 'Best position: ': array([ 9.94958641e-01, -9.03651104e-10, -1.67863671e-09, -9.36525982e-10,
       -3.15946696e-09,  9.57674693e-10,  4.59246581e-09,  9.94958639e-01,
        1.29843446e-10,  9.94958642e-01]), 'Best finess value: ': 2.9848771712798907, 'Distance to minimum: ': 1.7233189168421466}
Run #04: {'SEED': '18520188', 'Generation: ': 7811, 'Number of evaluations: ': 999936, 'Best position: ': array([ 9.94958639e-01, -2.11959684e-09, -1.22704033e-09, -1.04111604e-09,
        9.94958640e-01, -9.94958634e-01,  3.79812602e-09,  6.39837711e-11,
        1.01393084e-09, -9.94958638e-01]), 'Best finess value: ': 3.979836228373159, 'Distance to minimum: ': 1.9899172753322785}
Run #05: {'SEED': '18520189', 'Generation: ': 7811, 'Number of evaluations: ': 999936, 'Best position: ': array([ 9.94958637e-01, -9.94958636e-01,  4.29087986e-10, -2.27906615e-09,
        3.83460414e-10,  2.83347462e-09, -9.94958638e-01,  3.16517086e-09,
       -9.94958638e-01, -9.39431149e-10]), 'Best finess value: ': 3.979836228373159, 'Distance to minimum: ': 1.9899172740635434}
Run #06: {'SEED': '18520190', 'Generation: ': 7811, 'Number of evaluations: ': 999936, 'Best position: ': array([ 2.31861666e-09,  1.33271176e-09,  9.94958637e-01, -9.94958634e-01,
       -9.01367659e-10,  2.20307544e-09,  4.41037305e-09, -5.22121431e-09,
        2.87565472e-09,  3.61419657e-09]), 'Best finess value: ': 1.9899181141865796, 'Distance to minimum: ': 1.4070839964290123}
Run #07: {'SEED': '18520191', 'Generation: ': 7811, 'Number of evaluations: ': 999936, 'Best position: ': array([-2.38818600e-09, -3.06029881e-10, -9.94958637e-01, -1.63242552e-09,
        9.94958640e-01,  4.81699134e-10,  1.71626578e-10,  9.85101359e-10,
       -1.79259011e-09,  1.07044559e-09]), 'Best finess value: ': 1.9899181141865796, 'Distance to minimum: ': 1.4070840006183456}
Run #08: {'SEED': '18520192', 'Generation: ': 7811, 'Number of evaluations: ': 999936, 'Best position: ': array([ 9.94958643e-01,  1.42996665e-09,  2.15004492e-09,  1.76080600e-09,
        3.04347720e-09, -2.75362249e-09,  5.36119821e-10, -5.25006223e-09,
        4.56321311e-09,  5.84933119e-09]), 'Best finess value: ': 0.9949590570932969, 'Distance to minimum: ': 0.9949586427559926}
Run #09: {'SEED': '18520193', 'Generation: ': 7811, 'Number of evaluations: ': 999936, 'Best position: ': array([-1.38485002e-09, -5.39663172e-09, -9.50708606e-11,  5.73737795e-10,
       -2.23000438e-09,  1.91532202e-09,  1.35949157e-09,  2.75527223e-09,
        6.40902851e-09,  9.94958644e-01]), 'Best finess value: ': 0.9949590570932969, 'Distance to minimum: ': 0.9949586435662748}
Run #10: {'SEED': '18520194', 'Generation: ': 7811, 'Number of evaluations: ': 999936, 'Best position: ': array([ 4.86130508e-09, -9.94958635e-01,  2.28600917e-09,  3.60614265e-10,
       -1.01572091e-09,  3.45352966e-09, -7.09131472e-10, -9.94958630e-01,
       -9.94958637e-01, -5.35283525e-09]), 'Best finess value: ': 2.9848771712798907, 'Distance to minimum: ': 1.7233189058318066}
