[Experiment] CONFIG: {'funcName': 'Rastrigin', 'topology': 'ring', 'N': 2048, 'maxEvaluations': 1000000.0, 'dimension': 10, 'nExperiments': 10}
Run #01: {'SEED': '18520185', 'Generation: ': 487, 'Number of evaluations: ': 999424, 'Best position: ': array([-9.90704231e-01, -2.81867343e-02,  1.38722176e-03, -1.40299624e-02,
        7.16552554e-03, -2.69894707e-04, -7.74841731e-04,  1.20203790e-03,
       -9.94229935e-01, -5.43393074e-04]), 'Best finess value: ': 2.2008942974733117, 'Distance to minimum: ': 1.4039355581975925}
Run #02: {'SEED': '18520186', 'Generation: ': 487, 'Number of evaluations: ': 999424, 'Best position: ': array([ 5.55585447e-03, -9.93329659e-01,  4.99241054e-03, -1.34941035e-04,
       -8.33506038e-04,  9.41223153e-04, -9.93795338e-01,  7.60743790e-04,
       -2.54334166e-03, -9.94173214e-01]), 'Best finess value: ': 2.9985768430547495, 'Distance to minimum: ': 1.7212721461633735}
Run #03: {'SEED': '18520187', 'Generation: ': 487, 'Number of evaluations: ': 999424, 'Best position: ': array([-4.74253113e-05, -9.94746570e-01, -2.35538875e-04, -9.94466581e-01,
       -8.73479681e-05,  5.92505096e-05, -1.58111205e-04,  3.66460641e-04,
        6.75386691e-05,  2.62041980e-04]), 'Best finess value: ': 1.99003483386673, 'Distance to minimum: ': 1.4065862294059457}
Run #04: {'SEED': '18520188', 'Generation: ': 487, 'Number of evaluations: ': 999424, 'Best position: ': array([-1.49080672e-04, -7.61724333e-05,  4.55601534e-04, -1.38265058e-04,
        9.94867004e-01,  9.94896550e-01, -3.67141493e-06, -1.03935112e-04,
        1.47388638e-04, -2.72650059e-04]), 'Best finess value: ': 1.989992281081257, 'Distance to minimum: ': 1.4069754305683104}
Run #05: {'SEED': '18520189', 'Generation: ': 487, 'Number of evaluations: ': 999424, 'Best position: ': array([ 0.04772672,  0.02508802, -0.0036544 , -0.00223085, -0.00853841,
        0.97838026,  0.98904693, -0.03077271,  0.00161865, -0.98247086]), 'Best finess value: ': 3.8561390016155315, 'Distance to minimum: ': 1.7043000964375132}
Run #06: {'SEED': '18520190', 'Generation: ': 487, 'Number of evaluations: ': 999424, 'Best position: ': array([-7.41007840e-05,  9.94899857e-01, -1.31568536e-04,  9.95018063e-01,
        6.45354537e-05, -9.23694496e-05,  7.30233791e-05, -9.94886361e-01,
       -1.42970836e-04, -6.08308391e-05]), 'Best finess value: ': 2.984892482380957, 'Distance to minimum: ': 1.7232775768377149}
Run #07: {'SEED': '18520191', 'Generation: ': 487, 'Number of evaluations: ': 999424, 'Best position: ': array([-8.37545234e-05,  8.74548177e-04,  4.86545420e-04,  1.74506924e-04,
       -9.93439104e-01, -9.94690906e-01,  1.90113537e-03, -9.96040189e-01,
        9.40138488e-04,  7.35834299e-04]), 'Best finess value: ': 2.986787108456568, 'Distance to minimum: ': 1.722914213788316}
Run #08: {'SEED': '18520192', 'Generation: ': 487, 'Number of evaluations: ': 999424, 'Best position: ': array([ 9.94558065e-01, -1.72525951e-03, -2.24690717e-04,  7.43250700e-04,
        3.20641454e-04,  2.32001655e-04, -4.13635904e-05,  5.69048997e-04,
       -9.76862206e-04,  1.93506962e-03]), 'Best finess value: ': 0.9967288415204081, 'Distance to minimum: ': 0.994562469267582}
Run #09: {'SEED': '18520193', 'Generation: ': 487, 'Number of evaluations: ': 999424, 'Best position: ': array([-2.85934871e-06,  4.13497506e-05, -1.12262653e-04,  9.95002744e-01,
        3.62662272e-05, -9.94973585e-01,  8.99668657e-06, -6.96183209e-05,
        5.38546049e-05, -9.94925095e-01]), 'Best finess value: ': 2.9848824795289204, 'Distance to minimum: ': 1.7233336482344264}
Run #10: {'SEED': '18520194', 'Generation: ': 487, 'Number of evaluations: ': 999424, 'Best position: ': array([ 7.39497561e-04,  9.94889326e-01, -8.34441195e-04, -4.73247667e-05,
       -9.92330358e-01,  4.82584330e-04, -4.61472475e-05, -1.01263509e-03,
        4.16896083e-05, -4.29324665e-04]), 'Best finess value: ': 1.9918226270868757, 'Distance to minimum: ': 1.405178637004562}
