[Experiment] CONFIG: {'funcName': 'Rosenbrock', 'topology': 'star', 'N': 2048, 'maxEvaluations': 1000000.0, 'dimension': 10, 'nExperiments': 10}
Run #01: {'SEED': '18520185', 'Generation: ': 487, 'Number of evaluations: ': 999424, 'Best position: ': array([  0.96496179,   0.98472812,   0.98636006,   0.99662639,
         1.18126371,   1.39335667,   2.00515223,   4.00448903,
        15.92964795, 253.74598204]), 'Best finess value: ': 238.59434638974824, 'Distance to minimum: ': 253.2067383665042}
Run #02: {'SEED': '18520186', 'Generation: ': 487, 'Number of evaluations: ': 999424, 'Best position: ': array([0.99832715, 0.99648514, 0.99333847, 0.98175413, 0.96119147,
       0.92399801, 0.85683221, 0.7353947 , 0.53691896, 0.28871483]), 'Best finess value: ': 0.31843559355517814, 'Distance to minimum: ': 0.9047422110563004}
Run #03: {'SEED': '18520187', 'Generation: ': 487, 'Number of evaluations: ': 999424, 'Best position: ': array([  1.02182326,   1.02992199,   1.04746375,   1.05080459,
         1.21958718,   1.51114142,   2.32470872,   4.72546842,
        21.77800961, 474.60554238]), 'Best finess value: ': 536.5251917082475, 'Distance to minimum: ': 474.0779314745658}
Run #04: {'SEED': '18520188', 'Generation: ': 487, 'Number of evaluations: ': 999424, 'Best position: ': array([0.99651999, 0.99401594, 0.98925001, 0.97848205, 0.95323412,
       0.91282743, 0.83819366, 0.70203484, 0.49919885, 0.24761822]), 'Best finess value: ': 0.3866579456712207, 'Distance to minimum: ': 0.9706993751582496}
Run #05: {'SEED': '18520189', 'Generation: ': 487, 'Number of evaluations: ': 999424, 'Best position: ': array([1.09254671e+00, 1.05505095e+00, 1.13329716e+00, 1.14885140e+00,
       1.26329941e+00, 1.59028430e+00, 2.67661486e+00, 6.47873421e+00,
       4.17977885e+01, 1.74868413e+03]), 'Best finess value: ': 2019.5234488314754, 'Distance to minimum: ': 1748.1697818643943}
Run #06: {'SEED': '18520190', 'Generation: ': 487, 'Number of evaluations: ': 999424, 'Best position: ': array([ 1.0056943 ,  1.00940506,  1.03959228,  1.06972189,  1.18268978,
        1.31595082,  1.71604416,  2.93216564,  8.58306907, 73.68103787]), 'Best finess value: ': 62.85304957566617, 'Distance to minimum: ': 73.10555338602867}
Run #07: {'SEED': '18520191', 'Generation: ': 487, 'Number of evaluations: ': 999424, 'Best position: ': array([-1.01226528e+00,  9.73987793e-01,  1.05108532e+00,  9.68495666e-01,
        1.24699311e+00,  1.41779718e+00,  2.86662849e+00,  7.88093402e+00,
        6.15813300e+01,  3.79199791e+03]), 'Best finess value: ': 3859.2362712751574, 'Distance to minimum: ': 3791.489200455629}
Run #08: {'SEED': '18520192', 'Generation: ': 487, 'Number of evaluations: ': 999424, 'Best position: ': array([9.45103476e-01, 1.40471831e+00, 8.59961049e-01, 1.34845076e+00,
       1.33987621e+00, 1.65924973e+00, 2.80086960e+00, 7.73605934e+00,
       5.90124317e+01, 3.48323015e+03]), 'Best finess value: ': 3756.0612724375824, 'Distance to minimum: ': 3482.7204512436224}
Run #09: {'SEED': '18520193', 'Generation: ': 487, 'Number of evaluations: ': 999424, 'Best position: ': array([0.99913346, 0.99569935, 0.99130239, 0.9839188 , 0.96901533,
       0.9429188 , 0.89180793, 0.79517163, 0.63247138, 0.39966635]), 'Best finess value: ': 0.1965043388276443, 'Distance to minimum: ': 0.7441167808019962}
Run #10: {'SEED': '18520194', 'Generation: ': 487, 'Number of evaluations: ': 999424, 'Best position: ': array([-1.01314911e+00,  1.03080623e+00,  9.21006921e-01,  1.07537229e+00,
        1.28698778e+00,  1.62400952e+00,  2.74009965e+00,  6.55778316e+00,
        4.26486040e+01,  1.81795154e+03]), 'Best finess value: ': 1976.6823912039033, 'Distance to minimum: ': 1817.43940046964}
